c:\users\memz\desktop\东方project终版\东方project\x64\debug\vc143.pdb
c:\users\memz\desktop\东方project终版\东方project\x64\debug\vc143.idb
c:\users\memz\desktop\东方project终版\东方project\x64\debug\monitor.obj
c:\users\memz\desktop\东方project终版\东方project\x64\debug\midstage.obj
c:\users\memz\desktop\东方project终版\东方project\x64\debug\main.obj
c:\users\memz\desktop\东方project终版\东方project\x64\debug\loot.obj
c:\users\memz\desktop\东方project终版\东方project\x64\debug\loading.obj
c:\users\memz\desktop\东方project终版\东方project\x64\debug\keydown.obj
c:\users\memz\desktop\东方project终版\东方project\x64\debug\hiteffect.obj
c:\users\memz\desktop\东方project终版\东方project\x64\debug\global.obj
c:\users\memz\desktop\东方project终版\东方project\x64\debug\gamestage.obj
c:\users\memz\desktop\东方project终版\东方project\x64\debug\entity.obj
c:\users\memz\desktop\东方project终版\东方project\x64\debug\enemy.obj
c:\users\memz\desktop\东方project终版\东方project\x64\debug\end.obj
c:\users\memz\desktop\东方project终版\东方project\x64\debug\drawgame.obj
c:\users\memz\desktop\东方project终版\东方project\x64\debug\difficultyselect.obj
c:\users\memz\desktop\东方project终版\东方project\x64\debug\characterselect.obj
c:\users\memz\desktop\东方project终版\东方project\x64\debug\bullettrack.obj
c:\users\memz\desktop\东方project终版\东方project\x64\debug\bossstage.obj
c:\users\memz\desktop\东方project终版\东方project\x64\debug\body.obj
c:\users\memz\desktop\东方project终版\东方project\x64\debug\window.obj
c:\users\memz\desktop\东方project终版\东方project\x64\debug\updategame.obj
c:\users\memz\desktop\东方project终版\东方project\x64\debug\titlepage.obj
c:\users\memz\desktop\东方project终版\东方project\x64\debug\timer.obj
c:\users\memz\desktop\东方project终版\东方project\x64\debug\my_sumbul.obj
c:\users\memz\desktop\东方project终版\东方project\x64\debug\updatebullet.obj
c:\users\memz\desktop\东方project终版\x64\debug\东方project.exe
c:\users\memz\desktop\东方project终版\x64\debug\东方project.pdb
c:\users\memz\desktop\东方project终版\东方project\x64\debug\东方project.ilk
c:\users\memz\desktop\东方project终版\东方project\x64\debug\东方project.tlog\cl.command.1.tlog
c:\users\memz\desktop\东方project终版\东方project\x64\debug\东方project.tlog\cl.items.tlog
c:\users\memz\desktop\东方project终版\东方project\x64\debug\东方project.tlog\cl.read.1.tlog
c:\users\memz\desktop\东方project终版\东方project\x64\debug\东方project.tlog\cl.write.1.tlog
c:\users\memz\desktop\东方project终版\东方project\x64\debug\东方project.tlog\link.19328-cvtres.read.1.tlog
c:\users\memz\desktop\东方project终版\东方project\x64\debug\东方project.tlog\link.19328-cvtres.write.1.tlog
c:\users\memz\desktop\东方project终版\东方project\x64\debug\东方project.tlog\link.19328-rc.read.1.tlog
c:\users\memz\desktop\东方project终版\东方project\x64\debug\东方project.tlog\link.19328-rc.write.1.tlog
c:\users\memz\desktop\东方project终版\东方project\x64\debug\东方project.tlog\link.19328.read.1.tlog
c:\users\memz\desktop\东方project终版\东方project\x64\debug\东方project.tlog\link.19328.read.2.tlog
c:\users\memz\desktop\东方project终版\东方project\x64\debug\东方project.tlog\link.19328.read.3.tlog
c:\users\memz\desktop\东方project终版\东方project\x64\debug\东方project.tlog\link.19328.read.4.tlog
c:\users\memz\desktop\东方project终版\东方project\x64\debug\东方project.tlog\link.19328.read.6.tlog
c:\users\memz\desktop\东方project终版\东方project\x64\debug\东方project.tlog\link.19328.write.1.tlog
c:\users\memz\desktop\东方project终版\东方project\x64\debug\东方project.tlog\link.command.1.tlog
c:\users\memz\desktop\东方project终版\东方project\x64\debug\东方project.tlog\link.read.1.tlog
c:\users\memz\desktop\东方project终版\东方project\x64\debug\东方project.tlog\link.secondary.1.tlog
c:\users\memz\desktop\东方project终版\东方project\x64\debug\东方project.tlog\link.write.1.tlog
